<?xml version="1.0" encoding="UTF-8"?>
<!-- Generated by org.testng.reporters.JUnitXMLReporter -->
<testsuite hostname="DESKTOP-2IBOS10" ignored="0" name="RegisterTester" tests="4" failures="1" timestamp="2020-06-04T22:08:33 CST" time="27.317" errors="0">
  <testcase name="test" time="9.77" classname="com.lemon.auto.phoenix.testcase.RegisterTester"/>
  <testcase name="test" time="7.245" classname="com.lemon.auto.phoenix.testcase.RegisterTester">
    <failure type="java.lang.AssertionError" message="expected [密码错误!] but found [账号不存在!]">
      <![CDATA[java.lang.AssertionError: expected [密码错误!] but found [账号不存在!]
at com.lemon.auto.phoenix.base.BastTester.assertTextPresent(BastTester.java:169)
at com.lemon.auto.phoenix.testcase.RegisterTester.test(RegisterTester.java:34)
at java.util.ArrayList.forEach(ArrayList.java:1249)
... Removed 32 stack frames]]>
    </failure>
  </testcase> <!-- test -->
  <testcase name="test" time="5.177" classname="com.lemon.auto.phoenix.testcase.RegisterTester"/>
  <testcase name="test" time="4.709" classname="com.lemon.auto.phoenix.testcase.RegisterTester"/>
</testsuite> <!-- RegisterTester -->
